!SESSION 2018-10-26 19:02:47.724 -----------------------------------------------
eclipse.buildId=4.9.0.I20180906-0745
java.version=11
java.vendor=Oracle Corporation
BootLoader constants: OS=win32, ARCH=x86_64, WS=win32, NL=pt_BR
Framework arguments:  -product org.eclipse.epp.package.java.product
Command-line arguments:  -os win32 -ws win32 -arch x86_64 -product org.eclipse.epp.package.java.product

!ENTRY org.eclipse.mylyn.bugzilla.core 4 0 2018-10-26 19:02:51.146
!MESSAGE FrameworkEvent ERROR
!STACK 0
org.osgi.framework.BundleException: Could not resolve module: org.eclipse.mylyn.bugzilla.core [282]
  Unresolved requirement: Require-Bundle: org.eclipse.mylyn.commons.xmlrpc; bundle-version="[3.8.0,4.0.0)"
    -> Bundle-SymbolicName: org.eclipse.mylyn.commons.xmlrpc; bundle-version="3.24.2.v20180904-2231"; singleton:="true"
       org.eclipse.mylyn.commons.xmlrpc [299]
         Unresolved requirement: Require-Bundle: org.apache.xmlrpc; bundle-version="[3.0.0,4.0.0)"
           -> Bundle-SymbolicName: org.apache.xmlrpc; bundle-version="3.0.0.v20100427-1100"
              org.apache.xmlrpc [71]
                Unresolved requirement: Import-Package: javax.xml.bind
  Unresolved requirement: Require-Bundle: org.apache.xmlrpc
    -> Bundle-SymbolicName: org.apache.xmlrpc; bundle-version="3.0.0.v20100427-1100"

	at org.eclipse.osgi.container.Module.start(Module.java:447)
	at org.eclipse.osgi.container.ModuleContainer$ContainerStartLevel.incStartLevel(ModuleContainer.java:1685)
	at org.eclipse.osgi.container.ModuleContainer$ContainerStartLevel.incStartLevel(ModuleContainer.java:1664)
	at org.eclipse.osgi.container.ModuleContainer$ContainerStartLevel.doContainerStartLevel(ModuleContainer.java:1627)
	at org.eclipse.osgi.container.ModuleContainer$ContainerStartLevel.dispatchEvent(ModuleContainer.java:1558)
	at org.eclipse.osgi.container.ModuleContainer$ContainerStartLevel.dispatchEvent(ModuleContainer.java:1)
	at org.eclipse.osgi.framework.eventmgr.EventManager.dispatchEvent(EventManager.java:233)
	at org.eclipse.osgi.framework.eventmgr.EventManager$EventThread.run(EventManager.java:343)

!ENTRY org.eclipse.mylyn.bugzilla.ui 4 0 2018-10-26 19:02:51.146
!MESSAGE FrameworkEvent ERROR
!STACK 0
org.osgi.framework.BundleException: Could not resolve module: org.eclipse.mylyn.bugzilla.ui [284]
  Unresolved requirement: Require-Bundle: org.eclipse.mylyn.bugzilla.core; bundle-version="[3.8.0,4.0.0)"
    -> Bundle-SymbolicName: org.eclipse.mylyn.bugzilla.core; bundle-version="3.24.2.v20180905-0003"; singleton:="true"
       org.eclipse.mylyn.bugzilla.core [282]
         Unresolved requirement: Require-Bundle: org.eclipse.mylyn.commons.xmlrpc; bundle-version="[3.8.0,4.0.0)"
           -> Bundle-SymbolicName: org.eclipse.mylyn.commons.xmlrpc; bundle-version="3.24.2.v20180904-2231"; singleton:="true"
              org.eclipse.mylyn.commons.xmlrpc [299]
                Unresolved requirement: Require-Bundle: org.apache.xmlrpc; bundle-version="[3.0.0,4.0.0)"
                  -> Bundle-SymbolicName: org.apache.xmlrpc; bundle-version="3.0.0.v20100427-1100"
                     org.apache.xmlrpc [71]
                       Unresolved requirement: Import-Package: javax.xml.bind
         Unresolved requirement: Require-Bundle: org.apache.xmlrpc
           -> Bundle-SymbolicName: org.apache.xmlrpc; bundle-version="3.0.0.v20100427-1100"

	at org.eclipse.osgi.container.Module.start(Module.java:447)
	at org.eclipse.osgi.container.ModuleContainer$ContainerStartLevel.incStartLevel(ModuleContainer.java:1685)
	at org.eclipse.osgi.container.ModuleContainer$ContainerStartLevel.incStartLevel(ModuleContainer.java:1664)
	at org.eclipse.osgi.container.ModuleContainer$ContainerStartLevel.doContainerStartLevel(ModuleContainer.java:1627)
	at org.eclipse.osgi.container.ModuleContainer$ContainerStartLevel.dispatchEvent(ModuleContainer.java:1558)
	at org.eclipse.osgi.container.ModuleContainer$ContainerStartLevel.dispatchEvent(ModuleContainer.java:1)
	at org.eclipse.osgi.framework.eventmgr.EventManager.dispatchEvent(EventManager.java:233)
	at org.eclipse.osgi.framework.eventmgr.EventManager$EventThread.run(EventManager.java:343)

!ENTRY org.eclipse.mylyn.commons.xmlrpc 4 0 2018-10-26 19:02:51.396
!MESSAGE FrameworkEvent ERROR
!STACK 0
org.osgi.framework.BundleException: Could not resolve module: org.eclipse.mylyn.commons.xmlrpc [299]
  Unresolved requirement: Require-Bundle: org.apache.xmlrpc; bundle-version="[3.0.0,4.0.0)"
    -> Bundle-SymbolicName: org.apache.xmlrpc; bundle-version="3.0.0.v20100427-1100"
       org.apache.xmlrpc [71]
         Unresolved requirement: Import-Package: javax.xml.bind

	at org.eclipse.osgi.container.Module.start(Module.java:447)
	at org.eclipse.osgi.container.ModuleContainer$ContainerStartLevel.incStartLevel(ModuleContainer.java:1685)
	at org.eclipse.osgi.container.ModuleContainer$ContainerStartLevel.incStartLevel(ModuleContainer.java:1664)
	at org.eclipse.osgi.container.ModuleContainer$ContainerStartLevel.doContainerStartLevel(ModuleContainer.java:1627)
	at org.eclipse.osgi.container.ModuleContainer$ContainerStartLevel.dispatchEvent(ModuleContainer.java:1558)
	at org.eclipse.osgi.container.ModuleContainer$ContainerStartLevel.dispatchEvent(ModuleContainer.java:1)
	at org.eclipse.osgi.framework.eventmgr.EventManager.dispatchEvent(EventManager.java:233)
	at org.eclipse.osgi.framework.eventmgr.EventManager$EventThread.run(EventManager.java:343)
